<?xml version="1.0" encoding="UTF-8"?>
<!-- Generated by org.testng.reporters.JUnitReportReporter -->
<testsuite skipped="0" hostname="GMLSBAKIR" name="com.project.runners.Runner" tests="1" failures="1" timestamp="2022-12-08T14:24:54 EET" time="15.219" errors="0">
  <testcase name="runScenario" time="15.219" classname="com.project.runners.Runner">
    <failure type="java.lang.AssertionError" message="Element not found : yeni faturali hat">
      <![CDATA[java.lang.AssertionError: Element not found : yeni faturali hat
at org.testng.Assert.fail(Assert.java:97)
at base.CommonLib.findElement(CommonLib.java:328)
at base.CommonLib.waitElement(CommonLib.java:361)
at com.project.stepdefs.Stepdefs.waitElement(Stepdefs.java:187)
at âœ½.I wait yeni faturali hat element 30 seconds at index 1(file:src/test/features/CBU_C2D.feature:16)
]]>
    </failure>
  </testcase> <!-- runScenario -->
  <system-out/>
</testsuite> <!-- com.project.runners.Runner -->
