<?xml version="1.0" encoding="UTF-8"?>
<!-- Generated by org.testng.reporters.JUnitReportReporter -->
<testsuite skipped="0" hostname="GMLSBAKIR" name="com.project.runners.Runner" tests="1" failures="0" timestamp="2022-12-09T14:44:53 EET" time="80.636" errors="0">
  <testcase name="runScenario" time="80.636" classname="com.project.runners.Runner"/>
  <system-out/>
</testsuite> <!-- com.project.runners.Runner -->
