<?xml version="1.0" encoding="UTF-8"?>
<!-- Generated by org.testng.reporters.JUnitReportReporter -->
<testsuite skipped="0" hostname="GMLMAULUCA" name="com.project.runners.Runner" tests="1" failures="1" timestamp="2022-12-07T16:51:19 EET" time="21.758" errors="0">
  <testcase name="runScenario" time="21.758" classname="com.project.runners.Runner">
    <failure type="java.lang.AssertionError" message="Waiting element is not found!">
      <![CDATA[java.lang.AssertionError: Waiting element is not found!
at org.testng.Assert.fail(Assert.java:97)
at base.CommonLib.waitElement(CommonLib.java:361)
at com.project.stepdefs.Stepdefs.waitElement(Stepdefs.java:138)
at âœ½.I wait tarife sec button element 10 seconds at index 1(file:src/test/features/CBU_C2D.feature:144)
]]>
    </failure>
  </testcase> <!-- runScenario -->
  <system-out/>
</testsuite> <!-- com.project.runners.Runner -->
