<?xml version="1.0" encoding="UTF-8"?>
<!-- Generated by org.testng.reporters.JUnitReportReporter -->
<testsuite skipped="0" hostname="GMLMAULUCA" name="com.project.runners.Runner" tests="1" failures="0" timestamp="2022-12-22T15:41:57 EET" time="246.246" errors="0">
  <testcase name="runScenario" time="246.246" classname="com.project.runners.Runner"/>
  <system-out/>
</testsuite> <!-- com.project.runners.Runner -->
