<?xml version="1.0" encoding="UTF-8"?>
<!-- Generated by org.testng.reporters.JUnitReportReporter -->
<testsuite skipped="0" hostname="GMLMAULUCA" name="com.project.runners.Runner" tests="1" failures="1" timestamp="2022-12-16T16:51:48 EET" time="261.249" errors="0">
  <testcase name="runScenario" time="261.249" classname="com.project.runners.Runner">
    <failure type="java.lang.AssertionError" message="Waiting element is not found!">
      <![CDATA[java.lang.AssertionError: Waiting element is not found!
at org.testng.Assert.fail(Assert.java:97)
at api.base.CommonLib.waitElement(CommonLib.java:370)
at com.project.stepdefs.Stepdefs.waitElement(Stepdefs.java:193)
at âœ½.I wait bill fatih element 10 seconds at index 1(file:src/test/features/CBU_C2D.feature:1280)
]]>
    </failure>
  </testcase> <!-- runScenario -->
  <system-out/>
</testsuite> <!-- com.project.runners.Runner -->
