<?xml version="1.0" encoding="UTF-8"?>
<!-- Generated by org.testng.reporters.JUnitReportReporter -->
<testsuite skipped="0" hostname="GMLSBAKIR" name="com.project.runners.Runner" tests="1" failures="0" timestamp="2022-12-02T08:33:46 EET" time="13.199" errors="1">
  <testcase name="runScenario" time="13.199" classname="com.project.runners.Runner">
    <error type="java.lang.NullPointerException">
      <![CDATA[java.lang.NullPointerException
at base.CommonLib.navigateToURL(CommonLib.java:301)
at com.project.stepdefs.Stepdefs.openUrl(Stepdefs.java:55)
at âœ½.Open the https://efes.vodafone.com.tr/clicktodoor-mobil-dxl/ URL(file:src/test/features/CBU_C2D.feature:5)
]]>
    </error>
  </testcase> <!-- runScenario -->
  <system-out/>
</testsuite> <!-- com.project.runners.Runner -->
