<?xml version="1.0" encoding="UTF-8"?>
<!-- Generated by org.testng.reporters.JUnitReportReporter -->
<testsuite skipped="0" hostname="GMLMAULUCA" name="com.project.runners.Runner" tests="1" failures="1" timestamp="2022-12-02T10:22:21 EET" time="40.410" errors="0">
  <testcase name="runScenario" time="40.410" classname="com.project.runners.Runner">
    <failure type="java.lang.AssertionError" message="Waiting element is not found!">
      <![CDATA[java.lang.AssertionError: Waiting element is not found!
at org.testng.Assert.fail(Assert.java:97)
at base.CommonLib.waitElement(CommonLib.java:352)
at base.CommonLib.seePage(CommonLib.java:366)
at com.project.stepdefs.Stepdefs.seePage(Stepdefs.java:66)
at âœ½.I see HatAlPage page(file:src/test/features/Akif'sCases.feature:8)
]]>
    </failure>
  </testcase> <!-- runScenario -->
  <system-out/>
</testsuite> <!-- com.project.runners.Runner -->
