<?xml version="1.0" encoding="UTF-8"?>
<!-- Generated by org.testng.reporters.JUnitReportReporter -->
<testsuite skipped="0" hostname="GML1BCAGLASIN" name="com.project.runners.Runner" tests="3" failures="0" timestamp="2022-12-07T14:56:59 EET" time="266.851" errors="0">
  <testcase name="runScenario" time="95.126" classname="com.project.runners.Runner"/>
  <system-out/>
  <testcase name="runScenario" time="86.334" classname="com.project.runners.Runner"/>
  <system-out/>
  <testcase name="runScenario" time="85.391" classname="com.project.runners.Runner"/>
  <system-out/>
</testsuite> <!-- com.project.runners.Runner -->
