<?xml version="1.0" encoding="UTF-8"?>
<!-- Generated by org.testng.reporters.JUnitReportReporter -->
<testsuite skipped="0" hostname="GML3LVALIZADA" name="com.project.runners.Runner" tests="1" failures="0" timestamp="2022-12-02T10:39:13 EET" time="13.368" errors="0">
  <testcase name="runScenario" time="13.368" classname="com.project.runners.Runner"/>
  <system-out/>
</testsuite> <!-- com.project.runners.Runner -->
