<?xml version="1.0" encoding="UTF-8"?>
<!-- Generated by org.testng.reporters.JUnitReportReporter -->
<testsuite skipped="0" hostname="GML1BCAGLASIN" name="com.project.runners.Runner" tests="1" failures="0" timestamp="2022-12-02T09:33:30 EET" time="12.936" errors="0">
  <testcase name="runScenario" time="12.936" classname="com.project.runners.Runner"/>
  <system-out/>
</testsuite> <!-- com.project.runners.Runner -->
