<?xml version="1.0" encoding="UTF-8"?>
<!-- Generated by org.testng.reporters.JUnitReportReporter -->
<testsuite skipped="0" hostname="GML1BCAGLASIN" name="com.project.runners.Runner" tests="1" failures="0" timestamp="2022-11-30T11:24:06 EET" time="5.831" errors="0">
  <testcase name="runScenario" time="5.831" classname="com.project.runners.Runner"/>
  <system-out/>
</testsuite> <!-- com.project.runners.Runner -->
