<?xml version="1.0" encoding="UTF-8"?>
<!-- Generated by org.testng.reporters.JUnitReportReporter -->
<testsuite skipped="0" hostname="GML1BCAGLASIN" name="com.project.runners.Runner" tests="4" failures="0" timestamp="2022-12-09T10:55:40 EET" time="353.085" errors="0">
  <testcase name="runScenario" time="88.287" classname="com.project.runners.Runner"/>
  <system-out/>
  <testcase name="runScenario" time="84.658" classname="com.project.runners.Runner"/>
  <system-out/>
  <testcase name="runScenario" time="95.724" classname="com.project.runners.Runner"/>
  <system-out/>
  <testcase name="runScenario" time="84.416" classname="com.project.runners.Runner"/>
  <system-out/>
</testsuite> <!-- com.project.runners.Runner -->
